<?xml version="1.0" encoding="UTF-8"?>
<testsuite xmlns:xsi="http://www.w3.org/2001/XMLSchema-instance" xsi:noNamespaceSchemaLocation="https://maven.apache.org/surefire/maven-surefire-plugin/xsd/surefire-test-report.xsd" name="com.rytesoft.rytewebspringapp.RytewebspringappApplicationTests" time="10.553" tests="3" errors="0" skipped="0" failures="0">
  <properties>
[...]
</properties>
  <testcase name="shouldReturnDefaultMessage" classname="com.rytesoft.rytewebspringapp.RytewebspringappApplicationTests" time="0.385"/>
  <testcase name="contextLoads" classname="com.rytesoft.rytewebspringapp.RytewebspringappApplicationTests" time="0.084"/>
  <testcase name="greetingShouldReturnDefaultMessage" classname="com.rytesoft.rytewebspringapp.RytewebspringappApplicationTests" time="0.138"/>
</testsuite>